android/app/build/intermediates/manifest_merge_blame_file/release/manifest-merger-blame-release-report.txt
1<?xml version="1.0" encoding="utf-8"?>
2<manifest xmlns:android="http://schemas.android.com/apk/res/android"
3    package="com.arcsight"
4    android:versionCode="1"
5    android:versionName="1.0" >
6
7    <uses-sdk
8        android:minSdkVersion="16"
8-->src\main\AndroidManifest.xml
9        android:targetSdkVersion="29" />
9-->src\main\AndroidManifest.xml
10
11    <uses-permission android:name="android.permission.INTERNET" />
11-->src\main\AndroidManifest.xml:4:5-67
11-->src\main\AndroidManifest.xml:4:22-64
12    <uses-permission android:name="android.permission.SYSTEM_ALERT_WINDOW" />
12-->src\main\AndroidManifest.xml:6:5-77
12-->src\main\AndroidManifest.xml:6:22-75
13    <uses-permission android:name="android.permission.CAMERA" />
13-->src\main\AndroidManifest.xml:8:5-65
13-->src\main\AndroidManifest.xml:8:22-62
14    <uses-permission android:name="android.permission.WRITE_EXTERNAL_STORAGE" />
14-->src\main\AndroidManifest.xml:9:5-80
14-->src\main\AndroidManifest.xml:9:22-78
15
16    <!-- Required to access Google Play Licensing -->
17    <uses-permission android:name="com.android.vending.CHECK_LICENSE" />
17-->[:rn-fetch-blob] AndroidManifest.xml:12:5-73
17-->[:rn-fetch-blob] AndroidManifest.xml:12:22-70
18    <!--
19         Required to keep CPU alive while downloading files
20        (NOT to keep screen awake)
21    -->
22    <uses-permission android:name="android.permission.WAKE_LOCK" />
22-->[:rn-fetch-blob] AndroidManifest.xml:21:5-68
22-->[:rn-fetch-blob] AndroidManifest.xml:21:22-65
23    <!--
24         Required to poll the state of the network connection
25        and respond to changes
26    -->
27    <uses-permission android:name="android.permission.ACCESS_NETWORK_STATE" /> <!-- Required to check whether Wi-Fi is enabled -->
27-->[:rn-fetch-blob] AndroidManifest.xml:27:5-79
27-->[:rn-fetch-blob] AndroidManifest.xml:27:22-76
28    <uses-permission android:name="android.permission.ACCESS_WIFI_STATE" />
28-->[:rn-fetch-blob] AndroidManifest.xml:30:5-76
28-->[:rn-fetch-blob] AndroidManifest.xml:30:22-73
29
30    <application
30-->src\main\AndroidManifest.xml:11:5-30:19
31        android:name="com.arcsight.MainApplication"
31-->src\main\AndroidManifest.xml:12:7-38
32        android:allowBackup="false"
32-->src\main\AndroidManifest.xml:16:7-34
33        android:appComponentFactory="androidx.core.app.CoreComponentFactory"
33-->[androidx.core:core:1.1.0] AndroidManifest.xml:24:18-86
34        android:icon="@mipmap/ic_launcher"
34-->src\main\AndroidManifest.xml:14:7-41
35        android:label="@string/app_name"
35-->src\main\AndroidManifest.xml:13:7-39
36        android:roundIcon="@mipmap/ic_launcher_round"
36-->src\main\AndroidManifest.xml:15:7-52
37        android:theme="@style/AppTheme" >
37-->src\main\AndroidManifest.xml:17:7-38
38        <activity
38-->src\main\AndroidManifest.xml:18:7-28:18
39            android:name="com.arcsight.MainActivity"
39-->src\main\AndroidManifest.xml:19:9-37
40            android:configChanges="keyboard|keyboardHidden|orientation|screenSize|uiMode"
40-->src\main\AndroidManifest.xml:21:9-86
41            android:label="@string/app_name"
41-->src\main\AndroidManifest.xml:20:9-41
42            android:launchMode="singleTask"
42-->src\main\AndroidManifest.xml:22:9-40
43            android:windowSoftInputMode="adjustResize" >
43-->src\main\AndroidManifest.xml:23:9-51
44            <intent-filter>
44-->src\main\AndroidManifest.xml:24:9-27:25
45                <action android:name="android.intent.action.MAIN" />
45-->src\main\AndroidManifest.xml:25:13-65
45-->src\main\AndroidManifest.xml:25:21-62
46
47                <category android:name="android.intent.category.LAUNCHER" />
47-->src\main\AndroidManifest.xml:26:13-73
47-->src\main\AndroidManifest.xml:26:23-70
48            </intent-filter>
49        </activity>
50        <activity android:name="com.facebook.react.devsupport.DevSettingsActivity" />
50-->src\main\AndroidManifest.xml:29:7-84
50-->src\main\AndroidManifest.xml:29:17-81
51
52        <provider
52-->[:react-native-image-picker] AndroidManifest.xml:10:9-18:20
53            android:name="com.imagepicker.FileProvider"
53-->[:react-native-image-picker] AndroidManifest.xml:11:13-56
54            android:authorities="com.arcsight.provider"
54-->[:react-native-image-picker] AndroidManifest.xml:12:13-60
55            android:exported="false"
55-->[:react-native-image-picker] AndroidManifest.xml:13:13-37
56            android:grantUriPermissions="true" >
56-->[:react-native-image-picker] AndroidManifest.xml:14:13-47
57            <meta-data
57-->[:react-native-image-picker] AndroidManifest.xml:15:13-17:58
58                android:name="android.support.FILE_PROVIDER_PATHS"
58-->[:react-native-image-picker] AndroidManifest.xml:16:17-67
59                android:resource="@xml/provider_paths" />
59-->[:react-native-image-picker] AndroidManifest.xml:17:17-55
60        </provider>
61        <provider
61-->[:rn-fetch-blob] AndroidManifest.xml:36:9-44:20
62            android:name="com.RNFetchBlob.Utils.FileProvider"
62-->[:rn-fetch-blob] AndroidManifest.xml:37:13-62
63            android:authorities="com.arcsight.provider"
63-->[:rn-fetch-blob] AndroidManifest.xml:38:13-60
64            android:exported="false"
64-->[:rn-fetch-blob] AndroidManifest.xml:39:13-37
65            android:grantUriPermissions="true" >
65-->[:rn-fetch-blob] AndroidManifest.xml:40:13-47
66            <meta-data
66-->[:react-native-image-picker] AndroidManifest.xml:15:13-17:58
67                android:name="android.support.FILE_PROVIDER_PATHS"
67-->[:react-native-image-picker] AndroidManifest.xml:16:17-67
68                android:resource="@xml/provider_paths" />
68-->[:react-native-image-picker] AndroidManifest.xml:17:17-55
69        </provider>
70    </application>
71
72</manifest>